<?xml version="1.0" encoding="UTF-8"?>
<testng-results ignored="0" total="0" passed="0" failed="0" skipped="0">
  <reporter-output>
  </reporter-output>
  <suite started-at="2021-10-01T12:15:45Z" name="TestRunner.RunnerTest" finished-at="2021-10-01T12:15:45Z" duration-ms="5">
    <groups>
    </groups>
    <test started-at="2021-10-01T12:15:45Z" name="Command line test" finished-at="2021-10-01T12:15:45Z" duration-ms="5">
    </test> <!-- Command line test -->
  </suite> <!-- TestRunner.RunnerTest -->
</testng-results>
